[debug] [2019-07-09T14:55:30.778Z] ----------------------------------------------------------------------
[debug] [2019-07-09T14:55:30.781Z] Command:       C:\Program Files\nodejs\node.exe C:\Users\AMR ADEL ATA\AppData\Roaming\npm\node_modules\firebase-tools\lib\bin\firebase.js init
[debug] [2019-07-09T14:55:30.782Z] CLI Version:   7.0.2
[debug] [2019-07-09T14:55:30.782Z] Platform:      win32
[debug] [2019-07-09T14:55:30.782Z] Node Version:  v10.15.2
[debug] [2019-07-09T14:55:30.783Z] Time:          Tue Jul 09 2019 16:55:30 GMT+0200 (Eastern European Standard Time)
[debug] [2019-07-09T14:55:30.783Z] ----------------------------------------------------------------------
[debug] 
[debug] [2019-07-09T14:55:30.816Z] > command requires scopes: ["email","openid","https://www.googleapis.com/auth/cloudplatformprojects.readonly","https://www.googleapis.com/auth/firebase","https://www.googleapis.com/auth/cloud-platform"]
[debug] [2019-07-09T14:55:30.817Z] > authorizing via signed-in user
[info] 
     ######## #### ########  ######## ########     ###     ######  ########
     ##        ##  ##     ## ##       ##     ##  ##   ##  ##       ##
     ######    ##  ########  ######   ########  #########  ######  ######
     ##        ##  ##    ##  ##       ##     ## ##     ##       ## ##
     ##       #### ##     ## ######## ########  ##     ##  ######  ########

You're about to initialize a Firebase project in this directory:

  F:\projets\Vue\vue-app-ecommerce-bootstrap

[info] 
=== Project Setup
[info] 
[info] First, let's associate this project directory with a Firebase project.
[info] You can create multiple project aliases by running firebase use --add, 
[info] but for now we'll just set up a default project.
[info] 
[debug] [2019-07-09T14:59:28.416Z] > refreshing access token with scopes: ["email","https://www.googleapis.com/auth/cloud-platform","https://www.googleapis.com/auth/cloudplatformprojects.readonly","https://www.googleapis.com/auth/firebase","openid"]
[debug] [2019-07-09T14:59:28.416Z] >>> HTTP REQUEST POST https://www.googleapis.com/oauth2/v3/token  
 <request body omitted>
[debug] [2019-07-09T14:59:28.851Z] <<< HTTP RESPONSE 200
[debug] [2019-07-09T14:59:28.883Z] >>> HTTP REQUEST GET https://firebase.googleapis.com/v1beta1/projects?page_size=100  
 
[debug] [2019-07-09T14:59:29.627Z] <<< HTTP RESPONSE 200
[debug] [2019-07-09T15:12:06.238Z] Error: kill ENOSYS
    at process.kill (internal/process/per_thread.js:198:13)
    at process.listener (C:\Users\AMR ADEL ATA\AppData\Roaming\npm\node_modules\firebase-tools\node_modules\signal-exit\index.js:95:15)
    at process.emit (events.js:189:13)
[error] 
[error] Error: An unexpected error has occurred.
[debug] [2019-07-09T15:12:53.334Z] ----------------------------------------------------------------------
[debug] [2019-07-09T15:12:53.337Z] Command:       C:\Program Files\nodejs\node.exe C:\Users\AMR ADEL ATA\AppData\Roaming\npm\node_modules\firebase-tools\lib\bin\firebase.js init
[debug] [2019-07-09T15:12:53.337Z] CLI Version:   7.0.2
[debug] [2019-07-09T15:12:53.337Z] Platform:      win32
[debug] [2019-07-09T15:12:53.337Z] Node Version:  v10.15.2
[debug] [2019-07-09T15:12:53.339Z] Time:          Tue Jul 09 2019 17:12:53 GMT+0200 (Eastern European Standard Time)
[debug] [2019-07-09T15:12:53.339Z] ----------------------------------------------------------------------
[debug] 
[debug] [2019-07-09T15:12:53.350Z] > command requires scopes: ["email","openid","https://www.googleapis.com/auth/cloudplatformprojects.readonly","https://www.googleapis.com/auth/firebase","https://www.googleapis.com/auth/cloud-platform"]
[debug] [2019-07-09T15:12:53.351Z] > authorizing via signed-in user
[info] 
     ######## #### ########  ######## ########     ###     ######  ########
     ##        ##  ##     ## ##       ##     ##  ##   ##  ##       ##
     ######    ##  ########  ######   ########  #########  ######  ######
     ##        ##  ##    ##  ##       ##     ## ##     ##       ## ##
     ##       #### ##     ## ######## ########  ##     ##  ######  ########

You're about to initialize a Firebase project in this directory:

  F:\projets\Vue\vue-app-ecommerce-bootstrap

[info] 
=== Project Setup
[info] 
[info] First, let's associate this project directory with a Firebase project.
[info] You can create multiple project aliases by running firebase use --add, 
[info] but for now we'll just set up a default project.
[info] 
[debug] [2019-07-09T15:13:00.871Z] >>> HTTP REQUEST GET https://firebase.googleapis.com/v1beta1/projects?page_size=100  
 
[debug] [2019-07-09T15:13:01.643Z] <<< HTTP RESPONSE 200
[debug] [2019-07-09T15:13:36.537Z] Error: kill ENOSYS
    at process.kill (internal/process/per_thread.js:198:13)
    at process.listener (C:\Users\AMR ADEL ATA\AppData\Roaming\npm\node_modules\firebase-tools\node_modules\signal-exit\index.js:95:15)
    at process.emit (events.js:189:13)
[error] 
[error] Error: An unexpected error has occurred.
